<?xml version="1.0" encoding="UTF-8"?>
<testsuite name="com.jojoldu.book.springboot.web.HelloControllerTest" tests="2" skipped="0" failures="0" errors="0" timestamp="2020-02-27T08:23:49" hostname="KwonYongHyun" time="0.135">
  <properties/>
  <testcase name="hello가_리턴된다" classname="com.jojoldu.book.springboot.web.HelloControllerTest" time="0.034"/>
  <testcase name="helloDto가_리턴된다" classname="com.jojoldu.book.springboot.web.HelloControllerTest" time="0.101"/>
  <system-out><![CDATA[2020-02-27 17:23:48.395  INFO 24276 --- [    Test worker] .b.t.a.w.s.WebMvcTestContextBootstrapper : Neither @ContextConfiguration nor @ContextHierarchy found for test class [com.jojoldu.book.springboot.web.HelloControllerTest], using SpringBootContextLoader
2020-02-27 17:23:48.396  INFO 24276 --- [    Test worker] o.s.t.c.support.AbstractContextLoader    : Could not detect default resource locations for test class [com.jojoldu.book.springboot.web.HelloControllerTest]: no resource found for suffixes {-context.xml, Context.groovy}.
2020-02-27 17:23:48.396  INFO 24276 --- [    Test worker] t.c.s.AnnotationConfigContextLoaderUtils : Could not detect default configuration classes for test class [com.jojoldu.book.springboot.web.HelloControllerTest]: HelloControllerTest does not declare any static, non-private, non-final, nested classes annotated with @Configuration.
2020-02-27 17:23:48.417  INFO 24276 --- [    Test worker] .b.t.c.SpringBootTestContextBootstrapper : Found @SpringBootConfiguration com.jojoldu.book.springboot.Application for test class com.jojoldu.book.springboot.web.HelloControllerTest
2020-02-27 17:23:48.417  INFO 24276 --- [    Test worker] .b.t.a.w.s.WebMvcTestContextBootstrapper : Loaded default TestExecutionListener class names from location [META-INF/spring.factories]: [org.springframework.security.test.context.support.WithSecurityContextTestExecutionListener, org.springframework.security.test.context.support.ReactorContextTestExecutionListener, org.springframework.boot.test.autoconfigure.restdocs.RestDocsTestExecutionListener, org.springframework.boot.test.autoconfigure.web.client.MockRestServiceServerResetTestExecutionListener, org.springframework.boot.test.autoconfigure.web.servlet.MockMvcPrintOnlyOnFailureTestExecutionListener, org.springframework.boot.test.autoconfigure.web.servlet.WebDriverTestExecutionListener, org.springframework.boot.test.mock.mockito.MockitoTestExecutionListener, org.springframework.boot.test.mock.mockito.ResetMocksTestExecutionListener, org.springframework.test.context.web.ServletTestExecutionListener, org.springframework.test.context.support.DirtiesContextBeforeModesTestExecutionListener, org.springframework.test.context.support.DependencyInjectionTestExecutionListener, org.springframework.test.context.support.DirtiesContextTestExecutionListener, org.springframework.test.context.transaction.TransactionalTestExecutionListener, org.springframework.test.context.jdbc.SqlScriptsTestExecutionListener]
2020-02-27 17:23:48.419  INFO 24276 --- [    Test worker] .b.t.a.w.s.WebMvcTestContextBootstrapper : Using TestExecutionListeners: [org.springframework.test.context.web.ServletTestExecutionListener@7a960adf, org.springframework.test.context.support.DirtiesContextBeforeModesTestExecutionListener@42371186, org.springframework.boot.test.mock.mockito.MockitoTestExecutionListener@6f0c3c04, org.springframework.boot.test.autoconfigure.SpringBootDependencyInjectionTestExecutionListener@785941e8, org.springframework.test.context.support.DirtiesContextTestExecutionListener@32d37cce, org.springframework.test.context.transaction.TransactionalTestExecutionListener@4892e033, org.springframework.test.context.jdbc.SqlScriptsTestExecutionListener@46f00939, org.springframework.security.test.context.support.WithSecurityContextTestExecutionListener@7414560e, org.springframework.security.test.context.support.ReactorContextTestExecutionListener@5d88714e, org.springframework.boot.test.autoconfigure.restdocs.RestDocsTestExecutionListener@24491b4, org.springframework.boot.test.autoconfigure.web.client.MockRestServiceServerResetTestExecutionListener@443be904, org.springframework.boot.test.autoconfigure.web.servlet.MockMvcPrintOnlyOnFailureTestExecutionListener@12c973ab, org.springframework.boot.test.autoconfigure.web.servlet.WebDriverTestExecutionListener@cd562bd, org.springframework.boot.test.mock.mockito.ResetMocksTestExecutionListener@2a3a8ba2]

  .   ____          _            __ _ _
 /\\ / ___'_ __ _ _(_)_ __  __ _ \ \ \ \
( ( )\___ | '_ | '_| | '_ \/ _` | \ \ \ \
 \\/  ___)| |_)| | | | | || (_| |  ) ) ) )
  '  |____| .__|_| |_|_| |_\__, | / / / /
 =========|_|==============|___/=/_/_/_/
 :: Spring Boot ::        (v2.1.7.RELEASE)

2020-02-27 17:23:48.459  INFO 24276 --- [    Test worker] c.j.b.s.web.HelloControllerTest          : Starting HelloControllerTest on KwonYongHyun with PID 24276 (started by kyh in C:\Users\kyh\IdeaProjects\freelec-springboot2-webservice)
2020-02-27 17:23:48.459  INFO 24276 --- [    Test worker] c.j.b.s.web.HelloControllerTest          : No active profile set, falling back to default profiles: default
2020-02-27 17:23:48.975  INFO 24276 --- [    Test worker] o.s.s.concurrent.ThreadPoolTaskExecutor  : Initializing ExecutorService 'applicationTaskExecutor'
2020-02-27 17:23:49.010  INFO 24276 --- [    Test worker] o.s.b.a.w.s.WelcomePageHandlerMapping    : Adding welcome page template: index
2020-02-27 17:23:49.239  INFO 24276 --- [    Test worker] .s.s.UserDetailsServiceAutoConfiguration : 

Using generated security password: 40893956-4011-4bd3-8aac-5e6cb8c9d6d2

2020-02-27 17:23:49.393  INFO 24276 --- [    Test worker] o.s.s.web.DefaultSecurityFilterChain     : Creating filter chain: any request, [org.springframework.security.web.context.request.async.WebAsyncManagerIntegrationFilter@74d7a4a4, org.springframework.security.web.context.SecurityContextPersistenceFilter@41ed15c5, org.springframework.security.web.header.HeaderWriterFilter@599e89ae, org.springframework.security.web.csrf.CsrfFilter@548fa9a5, org.springframework.security.web.authentication.logout.LogoutFilter@7703ca1a, org.springframework.security.web.authentication.UsernamePasswordAuthenticationFilter@5bfcb1ba, org.springframework.security.web.authentication.ui.DefaultLoginPageGeneratingFilter@268cbcf, org.springframework.security.web.authentication.ui.DefaultLogoutPageGeneratingFilter@79f50f17, org.springframework.security.web.authentication.www.BasicAuthenticationFilter@63f509cf, org.springframework.security.web.savedrequest.RequestCacheAwareFilter@71308587, org.springframework.security.web.servletapi.SecurityContextHolderAwareRequestFilter@5ccea1f6, org.springframework.security.web.authentication.AnonymousAuthenticationFilter@3285da97, org.springframework.security.web.session.SessionManagementFilter@70f5d1b9, org.springframework.security.web.access.ExceptionTranslationFilter@19c5250a, org.springframework.security.web.access.intercept.FilterSecurityInterceptor@6238310a]
2020-02-27 17:23:49.414  INFO 24276 --- [    Test worker] o.s.b.t.m.w.SpringBootMockServletContext : Initializing Spring TestDispatcherServlet ''
2020-02-27 17:23:49.414  INFO 24276 --- [    Test worker] o.s.t.web.servlet.TestDispatcherServlet  : Initializing Servlet ''
2020-02-27 17:23:49.418  INFO 24276 --- [    Test worker] o.s.t.web.servlet.TestDispatcherServlet  : Completed initialization in 4 ms
2020-02-27 17:23:49.448  INFO 24276 --- [    Test worker] c.j.b.s.web.HelloControllerTest          : Started HelloControllerTest in 1.027 seconds (JVM running for 12.652)
]]></system-out>
  <system-err><![CDATA[]]></system-err>
</testsuite>
